# JRE version: Java(TM) SE Runtime Environment (17.0.11+7) (build 17.0.11+7-LTS-207)
# Java VM: Java HotSpot(TM) 64-Bit Server VM (17.0.11+7-LTS-207, mixed mode, sharing, tiered, compressed oops, compressed class ptrs, g1 gc, windows-amd64)
GC Precious Log:
 CPUs: 8 total, 8 available
 Memory: 8188M
 Large Page Support: Disabled
 NUMA Support: Disabled
 Compressed Oops: Enabled (32-bit)
 Heap Region Size: 1M
 Heap Min Capacity: 8M
 Heap Initial Capacity: 128M
 Heap Max Capacity: 2G
 Pre-touch: Disabled
 Parallel Workers: 8
 Concurrent Workers: 2
 Concurrent Refinement Workers: 8
 Periodic GC: Disabled
Heap:
 garbage-first heap   total 135168K, used 60241K [0x0000000080000000, 0x0000000100000000)
  region size 1024K, 4 young (4096K), 4 survivors (4096K)
 Metaspace       used 38653K, committed 39104K, reserved 1114112K
  class space    used 4494K, committed 4672K, reserved 1048576K
GC Heap History (20 events):
Event: 3.331 GC heap after
{Heap after GC invocations=3 (full 0):
 garbage-first heap   total 131072K, used 13773K [0x0000000080000000, 0x0000000100000000)
  region size 1024K, 10 young (10240K), 10 survivors (10240K)
 Metaspace       used 15608K, committed 15872K, reserved 1114112K
  class space    used 1860K, committed 1984K, reserved 1048576K
}
Event: 4.786 GC heap before
{Heap before GC invocations=3 (full 0):
 garbage-first heap   total 131072K, used 81357K [0x0000000080000000, 0x0000000100000000)
  region size 1024K, 76 young (77824K), 10 survivors (10240K)
 Metaspace       used 17716K, committed 17984K, reserved 1114112K
  class space    used 2048K, committed 2176K, reserved 1048576K
}
Event: 4.810 GC heap after
{Heap after GC invocations=4 (full 0):
 garbage-first heap   total 131072K, used 17264K [0x0000000080000000, 0x0000000100000000)
  region size 1024K, 5 young (5120K), 5 survivors (5120K)
 Metaspace       used 17716K, committed 17984K, reserved 1114112K
  class space    used 2048K, committed 2176K, reserved 1048576K
}
Event: 5.437 GC heap before
{Heap before GC invocations=4 (full 0):
 garbage-first heap   total 131072K, used 35696K [0x0000000080000000, 0x0000000100000000)
  region size 1024K, 20 young (20480K), 5 survivors (5120K)
 Metaspace       used 21187K, committed 21504K, reserved 1114112K
  class space    used 2494K, committed 2688K, reserved 1048576K
}
Event: 5.448 GC heap after
{Heap after GC invocations=5 (full 0):
 garbage-first heap   total 131072K, used 24555K [0x0000000080000000, 0x0000000100000000)
  region size 1024K, 8 young (8192K), 8 survivors (8192K)
 Metaspace       used 21187K, committed 21504K, reserved 1114112K
  class space    used 2494K, committed 2688K, reserved 1048576K
}
Event: 6.361 GC heap before
{Heap before GC invocations=6 (full 0):
 garbage-first heap   total 89088K, used 69611K [0x0000000080000000, 0x0000000100000000)
  region size 1024K, 52 young (53248K), 8 survivors (8192K)
 Metaspace       used 26103K, committed 26432K, reserved 1114112K
  class space    used 3042K, committed 3200K, reserved 1048576K
}
Event: 6.400 GC heap after
{Heap after GC invocations=7 (full 0):
 garbage-first heap   total 93184K, used 36833K [0x0000000080000000, 0x0000000100000000)
  region size 1024K, 7 young (7168K), 7 survivors (7168K)
 Metaspace       used 26103K, committed 26432K, reserved 1114112K
  class space    used 3042K, committed 3200K, reserved 1048576K
}
Event: 6.955 GC heap before
{Heap before GC invocations=7 (full 0):
 garbage-first heap   total 93184K, used 65505K [0x0000000080000000, 0x0000000100000000)
  region size 1024K, 36 young (36864K), 7 survivors (7168K)
 Metaspace       used 27905K, committed 28224K, reserved 1114112K
  class space    used 3248K, committed 3392K, reserved 1048576K
}
Event: 6.967 GC heap after
{Heap after GC invocations=8 (full 0):
 garbage-first heap   total 93184K, used 38768K [0x0000000080000000, 0x0000000100000000)
  region size 1024K, 2 young (2048K), 2 survivors (2048K)
 Metaspace       used 27905K, committed 28224K, reserved 1114112K
  class space    used 3248K, committed 3392K, reserved 1048576K
}
Event: 7.535 GC heap before
{Heap before GC invocations=8 (full 0):
 garbage-first heap   total 93184K, used 68464K [0x0000000080000000, 0x0000000100000000)
  region size 1024K, 31 young (31744K), 2 survivors (2048K)
 Metaspace       used 29906K, committed 30336K, reserved 1114112K
  class space    used 3487K, committed 3648K, reserved 1048576K
}
Event: 7.546 GC heap after
{Heap after GC invocations=9 (full 0):
 garbage-first heap   total 112640K, used 40211K [0x0000000080000000, 0x0000000100000000)
  region size 1024K, 3 young (3072K), 3 survivors (3072K)
 Metaspace       used 29906K, committed 30336K, reserved 1114112K
  class space    used 3487K, committed 3648K, reserved 1048576K
}
Event: 8.096 GC heap before
{Heap before GC invocations=9 (full 0):
 garbage-first heap   total 112640K, used 84243K [0x0000000080000000, 0x0000000100000000)
  region size 1024K, 44 young (45056K), 3 survivors (3072K)
 Metaspace       used 30029K, committed 30400K, reserved 1114112K
  class space    used 3487K, committed 3648K, reserved 1048576K
}
Event: 8.119 GC heap after
{Heap after GC invocations=10 (full 0):
 garbage-first heap   total 112640K, used 60239K [0x0000000080000000, 0x0000000100000000)
  region size 1024K, 6 young (6144K), 6 survivors (6144K)
 Metaspace       used 30029K, committed 30400K, reserved 1114112K
  class space    used 3487K, committed 3648K, reserved 1048576K
}
Event: 8.473 GC heap before
{Heap before GC invocations=10 (full 0):
 garbage-first heap   total 112640K, used 83791K [0x0000000080000000, 0x0000000100000000)
  region size 1024K, 30 young (30720K), 6 survivors (6144K)
 Metaspace       used 31012K, committed 31360K, reserved 1114112K
  class space    used 3605K, committed 3776K, reserved 1048576K
}
Event: 8.483 GC heap after
{Heap after GC invocations=11 (full 0):
 garbage-first heap   total 112640K, used 62162K [0x0000000080000000, 0x0000000100000000)
  region size 1024K, 2 young (2048K), 2 survivors (2048K)
 Metaspace       used 31012K, committed 31360K, reserved 1114112K
  class space    used 3605K, committed 3776K, reserved 1048576K
}
Event: 8.871 GC heap before
{Heap before GC invocations=12 (full 0):
 garbage-first heap   total 112640K, used 86738K [0x0000000080000000, 0x0000000100000000)
  region size 1024K, 27 young (27648K), 2 survivors (2048K)
 Metaspace       used 31482K, committed 31872K, reserved 1114112K
  class space    used 3659K, committed 3840K, reserved 1048576K
}
Event: 8.877 GC heap after
{Heap after GC invocations=13 (full 0):
 garbage-first heap   total 112640K, used 62619K [0x0000000080000000, 0x0000000100000000)
  region size 1024K, 2 young (2048K), 2 survivors (2048K)
 Metaspace       used 31482K, committed 31872K, reserved 1114112K
  class space    used 3659K, committed 3840K, reserved 1048576K
}
Event: 8.934 GC heap before
{Heap before GC invocations=13 (full 0):
 garbage-first heap   total 112640K, used 65691K [0x0000000080000000, 0x0000000100000000)
  region size 1024K, 5 young (5120K), 2 survivors (2048K)
 Metaspace       used 31522K, committed 31872K, reserved 1114112K
  class space    used 3659K, committed 3840K, reserved 1048576K
}
Event: 8.944 GC heap after
{Heap after GC invocations=14 (full 0):
 garbage-first heap   total 112640K, used 56666K [0x0000000080000000, 0x0000000100000000)
  region size 1024K, 1 young (1024K), 1 survivors (1024K)
 Metaspace       used 31522K, committed 31872K, reserved 1114112K
  class space    used 3659K, committed 3840K, reserved 1048576K
}
Event: 9.987 GC heap before
{Heap before GC invocations=14 (full 0):
 garbage-first heap   total 112640K, used 87386K [0x0000000080000000, 0x0000000100000000)
  region size 1024K, 31 young (31744K), 1 survivors (1024K)
 Metaspace       used 38653K, committed 39104K, reserved 1114112K
  class space    used 4494K, committed 4672K, reserved 1048576K
}

